<?xml version="1.0" encoding="UTF-8"?>
<!-- Generated by org.testng.reporters.JUnitXMLReporter -->
<testsuite ignored="0" hostname="LAPTOP-IN3O14F1" failures="0" tests="3" name="Home Test" time="6.84" errors="0" timestamp="2022-04-22T17:30:54 IST">
  <testcase classname="home_Tests.Home_Tests" name="verifyHeaders" time="0.359"/>
  <testcase classname="home_Tests.Home_Tests" name="verifyCategories_AmazonHome" time="3.72"/>
  <testcase classname="home_Tests.Home_Tests" name="VerifySignInPage" time="2.524"/>
</testsuite> <!-- Home Test -->
