<?xml version="1.0" encoding="UTF-8"?>
<!-- Generated by org.testng.reporters.JUnitXMLReporter -->
<testsuite hostname="LAPTOP-IN3O14F1" ignored="0" name="Home Test" tests="3" failures="0" timestamp="2022-04-21T18:47:56 IST" time="24.184" errors="0">
  <testcase name="verifyHeaders" time="0.477" classname="home_Tests.Home_Tests"/>
  <testcase name="verifyCategories_AmazonHome" time="2.868" classname="home_Tests.Home_Tests"/>
  <testcase name="VerifySignInPage" time="20.49" classname="home_Tests.Home_Tests"/>
</testsuite> <!-- Home Test -->
