<?xml version="1.0" encoding="UTF-8"?>
<testsuite xmlns:xsi="http://www.w3.org/2001/XMLSchema-instance" xsi:noNamespaceSchemaLocation="https://maven.apache.org/surefire/maven-surefire-plugin/xsd/surefire-test-report-3.0.xsd" version="3.0" name="TestSuite" time="32.163" tests="4" errors="0" skipped="0" failures="0">
  <properties>
[...]
</properties>
  <testcase name="verifyHeaders" classname="home_Tests.Home_Tests" time="0.362">
    <system-out><![CDATA[Executing Before Method
Amazon logo displayed
Location displayed
Search Dropdown displayed
Search Box displayed
Search Key displayed
Language selection displayed
SignIn selection displayed
Returns& Orders displayed
Cart displayed
]]></system-out>
    <system-err><![CDATA[Starting ChromeDriver 100.0.4896.60 (6a5d10861ce8de5fce22564658033b43cb7de047-refs/branch-heads/4896@{#875}) on port 11898
Only local connections are allowed.
Please see https://chromedriver.chromium.org/security-considerations for suggestions on keeping ChromeDriver safe.
ChromeDriver was started successfully.
Apr 22, 2022 5:30:38 PM org.openqa.selenium.remote.ProtocolHandshake createSession
INFO: Detected dialect: W3C
]]></system-err>
  </testcase>
  <testcase name="verifyCategories_AmazonHome" classname="home_Tests.Home_Tests" time="3.719">
    <system-out><![CDATA[Executing Before Method
Amazon logo displayed
ALL slider icon displayed
All elements are displayed under Category section
Best Sellers
Mobiles
Customer Service
Today's Deals
Fashion
 Electronics 
<span>Prime</span><span class="nav-icon nav-arrow" style="visibility: visible;"></span>
New Releases
Home &amp; Kitchen
Amazon Pay
Computers
Books
Clearance store
Coupons
Toys &amp; Games
Sell
Grocery &amp; Gourmet Foods
Car &amp; Motorbike
Gift Cards
Video Games
Beauty &amp; Personal Care
Sports, Fitness &amp; Outdoors
Health, Household &amp; Personal Care
Baby
Pet Supplies
Home Improvement
Gift Ideas	
Kindle eBooks
AmazonBasics
Audible
Amazon Ad image displayed
]]></system-out>
  </testcase>
  <testcase name="VerifySignInPage" classname="home_Tests.Home_Tests" time="2.523">
    <system-out><![CDATA[Executing Before Method
Amazon logo displayed
ALL slider icon displayed
All elements are displayed under Category section
Best Sellers
Mobiles
Customer Service
Today's Deals
Fashion
 Electronics 
<span>Prime</span><span class="nav-icon nav-arrow" style="visibility: visible;"></span>
New Releases
Home &amp; Kitchen
Amazon Pay
Computers
Books
Clearance store
Coupons
Toys &amp; Games
Sell
Grocery &amp; Gourmet Foods
Car &amp; Motorbike
Gift Cards
Video Games
Beauty &amp; Personal Care
Sports, Fitness &amp; Outdoors
Health, Household &amp; Personal Care
Baby
Pet Supplies
Home Improvement
Gift Ideas	
Kindle eBooks
AmazonBasics
Audible
Amazon Ad image displayed
]]></system-out>
  </testcase>
  <testcase name="searchProduct_SearchTextbox" classname="searchProduct_Tests.Search_Tests" time="8.972">
    <system-out><![CDATA[Executing Before Method
Amazon logo displayed
ALL slider icon displayed
wwe 2k22
wwe 2k22 in Video Games
wwe 2k22 ps4
wwe 2k22 ps5
wwe 2k22 xbox one
wwe 2k22 pc
wwe 2k22 ps4 deluxe edition
wwe 2k22 deluxe edition
wwe 2k22 xbox
wwe 2k22 ps4 games
wwe 2k22 xbox series x
Product displayed for Search result
WWE 2K22 (PS4)
3,333
]]></system-out>
    <system-err><![CDATA[log4j:WARN No appenders could be found for logger (freemarker.cache).
log4j:WARN Please initialize the log4j system properly.
log4j:WARN See http://logging.apache.org/log4j/1.2/faq.html#noconfig for more info.
]]></system-err>
  </testcase>
</testsuite>