<?xml version="1.0" encoding="UTF-8"?>
<testng-results ignored="0" total="4" passed="4" failed="0" skipped="0">
  <reporter-output>
  </reporter-output>
  <suite started-at="2022-04-22T17:30:47 IST" name="Amazon Suite" finished-at="2022-04-22T17:31:03 IST" duration-ms="15875">
    <groups>
    </groups>
    <test started-at="2022-04-22T17:30:47 IST" name="Home Test" finished-at="2022-04-22T17:30:54 IST" duration-ms="6840">
      <class name="home_Tests.Home_Tests">
        <test-method is-config="true" signature="beforeClass()[pri:0, instance:home_Tests.Home_Tests@1356d4d4]" started-at="2022-04-22T17:30:47 IST" name="beforeClass" finished-at="2022-04-22T17:30:47 IST" duration-ms="30" status="PASS">
          <reporter-output>
          </reporter-output>
        </test-method> <!-- beforeClass -->
        <test-method is-config="true" signature="startTest(java.lang.reflect.Method)[pri:0, instance:home_Tests.Home_Tests@1356d4d4]" started-at="2022-04-22T17:30:47 IST" name="startTest" finished-at="2022-04-22T17:30:47 IST" duration-ms="3" status="PASS">
          <params>
            <param index="0">
              <value>
                <![CDATA[public void home_Tests.Home_Tests.verifyHeaders() throws java.lang.SecurityException,java.io.IOException]]>
              </value>
            </param>
          </params>
          <reporter-output>
          </reporter-output>
        </test-method> <!-- startTest -->
        <test-method signature="verifyHeaders()[pri:0, instance:home_Tests.Home_Tests@1356d4d4]" started-at="2022-04-22T17:30:47 IST" name="verifyHeaders" finished-at="2022-04-22T17:30:47 IST" duration-ms="359" status="PASS">
          <reporter-output>
          </reporter-output>
        </test-method> <!-- verifyHeaders -->
        <test-method is-config="true" signature="tearDown(org.testng.ITestResult)[pri:0, instance:home_Tests.Home_Tests@1356d4d4]" started-at="2022-04-22T17:30:47 IST" name="tearDown" finished-at="2022-04-22T17:30:47 IST" duration-ms="2" status="PASS">
          <params>
            <param index="0">
              <value>
                <![CDATA[[TestResult name=verifyHeaders status=SUCCESS method=Home_Tests.verifyHeaders()[pri:0, instance:home_Tests.Home_Tests@1356d4d4] output={null}]]]>
              </value>
            </param>
          </params>
          <reporter-output>
          </reporter-output>
        </test-method> <!-- tearDown -->
        <test-method is-config="true" signature="startTest(java.lang.reflect.Method)[pri:0, instance:home_Tests.Home_Tests@1356d4d4]" started-at="2022-04-22T17:30:47 IST" name="startTest" finished-at="2022-04-22T17:30:47 IST" duration-ms="0" status="PASS">
          <params>
            <param index="0">
              <value>
                <![CDATA[void home_Tests.Home_Tests.verifyCategories_AmazonHome() throws java.lang.SecurityException,java.io.IOException]]>
              </value>
            </param>
          </params>
          <reporter-output>
          </reporter-output>
        </test-method> <!-- startTest -->
        <test-method signature="verifyCategories_AmazonHome()[pri:1, instance:home_Tests.Home_Tests@1356d4d4]" started-at="2022-04-22T17:30:47 IST" name="verifyCategories_AmazonHome" finished-at="2022-04-22T17:30:51 IST" duration-ms="3720" status="PASS">
          <reporter-output>
          </reporter-output>
        </test-method> <!-- verifyCategories_AmazonHome -->
        <test-method is-config="true" signature="tearDown(org.testng.ITestResult)[pri:0, instance:home_Tests.Home_Tests@1356d4d4]" started-at="2022-04-22T17:30:51 IST" name="tearDown" finished-at="2022-04-22T17:30:51 IST" duration-ms="1" status="PASS">
          <params>
            <param index="0">
              <value>
                <![CDATA[[TestResult name=verifyCategories_AmazonHome status=SUCCESS method=Home_Tests.verifyCategories_AmazonHome()[pri:1, instance:home_Tests.Home_Tests@1356d4d4] output={null}]]]>
              </value>
            </param>
          </params>
          <reporter-output>
          </reporter-output>
        </test-method> <!-- tearDown -->
        <test-method is-config="true" signature="startTest(java.lang.reflect.Method)[pri:0, instance:home_Tests.Home_Tests@1356d4d4]" started-at="2022-04-22T17:30:51 IST" name="startTest" finished-at="2022-04-22T17:30:51 IST" duration-ms="0" status="PASS">
          <params>
            <param index="0">
              <value>
                <![CDATA[void home_Tests.Home_Tests.VerifySignInPage()]]>
              </value>
            </param>
          </params>
          <reporter-output>
          </reporter-output>
        </test-method> <!-- startTest -->
        <test-method signature="VerifySignInPage()[pri:2, instance:home_Tests.Home_Tests@1356d4d4]" started-at="2022-04-22T17:30:51 IST" name="VerifySignInPage" finished-at="2022-04-22T17:30:54 IST" duration-ms="2524" status="PASS">
          <reporter-output>
          </reporter-output>
        </test-method> <!-- VerifySignInPage -->
        <test-method is-config="true" signature="tearDown(org.testng.ITestResult)[pri:0, instance:home_Tests.Home_Tests@1356d4d4]" started-at="2022-04-22T17:30:54 IST" name="tearDown" finished-at="2022-04-22T17:30:54 IST" duration-ms="0" status="PASS">
          <params>
            <param index="0">
              <value>
                <![CDATA[[TestResult name=VerifySignInPage status=SUCCESS method=Home_Tests.VerifySignInPage()[pri:2, instance:home_Tests.Home_Tests@1356d4d4] output={null}]]]>
              </value>
            </param>
          </params>
          <reporter-output>
          </reporter-output>
        </test-method> <!-- tearDown -->
        <test-method is-config="true" signature="endReport()[pri:0, instance:home_Tests.Home_Tests@1356d4d4]" started-at="2022-04-22T17:30:54 IST" name="endReport" finished-at="2022-04-22T17:30:54 IST" duration-ms="171" status="PASS">
          <reporter-output>
          </reporter-output>
        </test-method> <!-- endReport -->
      </class> <!-- home_Tests.Home_Tests -->
    </test> <!-- Home Test -->
    <test started-at="2022-04-22T17:30:54 IST" name="Search Test" finished-at="2022-04-22T17:31:03 IST" duration-ms="9011">
      <class name="searchProduct_Tests.Search_Tests">
        <test-method is-config="true" signature="init()[pri:0, instance:searchProduct_Tests.Search_Tests@d6e7bab]" started-at="2022-04-22T17:30:37 IST" name="init" finished-at="2022-04-22T17:30:47 IST" duration-ms="10145" status="PASS">
          <reporter-output>
          </reporter-output>
        </test-method> <!-- init -->
        <test-method is-config="true" signature="beforeClass()[pri:0, instance:searchProduct_Tests.Search_Tests@d6e7bab]" started-at="2022-04-22T17:30:54 IST" name="beforeClass" finished-at="2022-04-22T17:30:54 IST" duration-ms="3" status="PASS">
          <reporter-output>
          </reporter-output>
        </test-method> <!-- beforeClass -->
        <test-method is-config="true" signature="startTest(java.lang.reflect.Method)[pri:0, instance:searchProduct_Tests.Search_Tests@d6e7bab]" started-at="2022-04-22T17:30:54 IST" name="startTest" finished-at="2022-04-22T17:30:54 IST" duration-ms="1" status="PASS">
          <params>
            <param index="0">
              <value>
                <![CDATA[void searchProduct_Tests.Search_Tests.searchProduct_SearchTextbox() throws java.lang.InterruptedException]]>
              </value>
            </param>
          </params>
          <reporter-output>
          </reporter-output>
        </test-method> <!-- startTest -->
        <test-method signature="searchProduct_SearchTextbox()[pri:3, instance:searchProduct_Tests.Search_Tests@d6e7bab]" started-at="2022-04-22T17:30:54 IST" name="searchProduct_SearchTextbox" finished-at="2022-04-22T17:31:03 IST" duration-ms="8973" status="PASS">
          <reporter-output>
          </reporter-output>
        </test-method> <!-- searchProduct_SearchTextbox -->
        <test-method is-config="true" signature="tearDown(org.testng.ITestResult)[pri:0, instance:searchProduct_Tests.Search_Tests@d6e7bab]" started-at="2022-04-22T17:31:03 IST" name="tearDown" finished-at="2022-04-22T17:31:03 IST" duration-ms="1" status="PASS">
          <params>
            <param index="0">
              <value>
                <![CDATA[[TestResult name=searchProduct_SearchTextbox status=SUCCESS method=Search_Tests.searchProduct_SearchTextbox()[pri:3, instance:searchProduct_Tests.Search_Tests@d6e7bab] output={null}]]]>
              </value>
            </param>
          </params>
          <reporter-output>
          </reporter-output>
        </test-method> <!-- tearDown -->
        <test-method is-config="true" signature="endReport()[pri:0, instance:searchProduct_Tests.Search_Tests@d6e7bab]" started-at="2022-04-22T17:31:03 IST" name="endReport" finished-at="2022-04-22T17:31:03 IST" duration-ms="33" status="PASS">
          <reporter-output>
          </reporter-output>
        </test-method> <!-- endReport -->
        <test-method is-config="true" signature="EndTest()[pri:0, instance:searchProduct_Tests.Search_Tests@d6e7bab]" started-at="2022-04-22T17:31:03 IST" name="EndTest" finished-at="2022-04-22T17:31:09 IST" duration-ms="5677" status="PASS">
          <reporter-output>
          </reporter-output>
        </test-method> <!-- EndTest -->
      </class> <!-- searchProduct_Tests.Search_Tests -->
    </test> <!-- Search Test -->
  </suite> <!-- Amazon Suite -->
</testng-results>
